<?xml version="1.0" encoding="UTF-8"?>
<!-- Generated by org.testng.reporters.JUnitReportReporter -->
<testsuite skipped="0" hostname="EC2AMAZ-J5GP1U8" name="task1.TestingClass1" tests="2" failures="0" timestamp="2022-12-06T18:12:33 UTC" time="0.014" errors="0">
  <testcase name="testcase1" time="0.009" classname="task1.TestingClass1"/>
  <system-out/>
  <testcase name="testcase2" time="0.005" classname="task1.TestingClass1"/>
  <system-out/>
</testsuite> <!-- task1.TestingClass1 -->
