<?xml version="1.0" encoding="UTF-8"?>
<!-- Generated by org.testng.reporters.JUnitReportReporter -->
<testsuite skipped="0" hostname="EC2AMAZ-J5GP1U8" name="task3.TestingClass2" tests="1" failures="0" timestamp="2022-12-06T18:24:34 UTC" time="0.019" errors="0">
  <testcase name="testcase2" time="0.019" classname="task3.TestingClass2"/>
  <system-out/>
</testsuite> <!-- task3.TestingClass2 -->
