<?xml version="1.0" encoding="UTF-8"?>
<!-- Generated by org.testng.reporters.JUnitReportReporter -->
<testsuite skipped="0" hostname="EC2AMAZ-J5GP1U8" name="task6.Paramterization" tests="1" failures="0" timestamp="2022-12-07T02:11:56 UTC" time="2.862" errors="0">
  <testcase name="loginToApplication" time="2.862" classname="task6.Paramterization"/>
  <system-out/>
</testsuite> <!-- task6.Paramterization -->
